{"timestamp":"2025-12-03T07:56:30.758580Z","level":"info","event":"DAG bundles loaded: dags-folder, example_dags","logger":"airflow.dag_processing.bundles.manager.DagBundlesManager","filename":"manager.py","lineno":179}
{"timestamp":"2025-12-03T07:56:30.759713Z","level":"info","event":"Filling up the DagBag from /opt/airflow/dags/samsung_ETL_dag.py","logger":"airflow.models.dagbag.DagBag","filename":"dagbag.py","lineno":593}
{"timestamp":"2025-12-03T07:56:30.835751Z","level":"warning","event":"The `airflow.operators.python.PythonOperator` attribute is deprecated. Please use `'airflow.providers.standard.operators.python.PythonOperator'`.","category":"DeprecatedImportWarning","filename":"/opt/airflow/dags/samsung_ETL_dag.py","lineno":4,"logger":"py.warnings"}
{"timestamp":"2025-12-03T07:56:30.868532Z","level":"info","event":"Task instance is in running state","logger":"task.stdout"}
{"timestamp":"2025-12-03T07:56:30.869047Z","level":"info","event":" Previous state of the Task instance: TaskInstanceState.QUEUED","logger":"task.stdout"}
{"timestamp":"2025-12-03T07:56:30.869517Z","level":"info","event":"Current task name:extract_task","logger":"task.stdout"}
{"timestamp":"2025-12-03T07:56:30.869785Z","level":"info","event":"Dag name:samsung_etl_dag","logger":"task.stdout"}
{"timestamp":"2025-12-03T07:56:30.870921Z","level":"info","event":"==================================================","logger":"task.stdout"}
{"timestamp":"2025-12-03T07:56:30.871216Z","level":"info","event":"삼성전자 주가 데이터 추출","logger":"task.stdout"}
{"timestamp":"2025-12-03T07:56:30.871518Z","level":"info","event":"==================================================","logger":"task.stdout"}
{"timestamp":"2025-12-03T07:56:30.871854Z","level":"info","event":"종목 코드: 005930","logger":"task.stdout"}
{"timestamp":"2025-12-03T07:56:30.872169Z","level":"info","event":"추출 기간: 2024-11-28 ~ 2025-11-27","logger":"task.stdout"}
{"timestamp":"2025-12-03T07:56:30.872616Z","level":"info","event":"--------------------------------------------------","logger":"task.stdout"}
{"timestamp":"2025-12-03T07:56:30.872978Z","level":"info","event":"","logger":"task.stdout"}
{"timestamp":"2025-12-03T07:56:30.873274Z","level":"info","event":"데이터 추출 중...","logger":"task.stdout"}
{"timestamp":"2025-12-03T07:56:30.881392Z","level":"info","event":"✅ 파일 확인 완료: /opt/airflow/data/samsung_2024-11-28_2025-11-27.csv","logger":"task.stdout"}
{"timestamp":"2025-12-03T07:56:30.881799Z","level":"info","event":"총 데이터: 242 rows","logger":"task.stdout"}
{"timestamp":"2025-12-03T07:56:30.881488Z","level":"info","event":"Done. Returned value was: /opt/airflow/data/samsung_2024-11-28_2025-11-27.csv","logger":"airflow.task.operators.airflow.providers.standard.operators.python.PythonOperator","filename":"python.py","lineno":215}
{"timestamp":"2025-12-03T07:56:30.881749Z","level":"info","event":"Pushing xcom","ti":"RuntimeTaskInstance(id=UUID('019ae336-6ac4-7aac-a55e-982b045f0d88'), task_id='extract_task', dag_id='samsung_etl_dag', run_id='manual__2025-12-03T07:56:23+00:00', try_number=1, dag_version_id=UUID('019ae335-3f7f-7cda-b9b6-afcce1c42ea6'), map_index=-1, hostname='ba7c767078cc', context_carrier={}, task=<Task(PythonOperator): extract_task>, bundle_instance=LocalDagBundle(name=dags-folder), max_tries=0, start_date=datetime.datetime(2025, 12, 3, 7, 56, 26, 733766, tzinfo=datetime.timezone.utc), end_date=None, state=<TaskInstanceState.RUNNING: 'running'>, is_mapped=False, rendered_map_index=None)","logger":"task","filename":"task_runner.py","lineno":1360}
{"timestamp":"2025-12-03T07:56:30.918412Z","level":"info","event":"Task instance in success state","logger":"task.stdout"}
{"timestamp":"2025-12-03T07:56:30.918898Z","level":"info","event":" Previous state of the Task instance: TaskInstanceState.RUNNING","logger":"task.stdout"}
{"timestamp":"2025-12-03T07:56:30.919252Z","level":"info","event":"Task operator:<Task(PythonOperator): extract_task>","logger":"task.stdout"}
