2025-11-19 17:28:55,381 - INFO - 2024-11-17 데이터 0건 추출 완료!
2025-11-19 17:29:22,351 - INFO - 2024-11-19 데이터 0건 추출 완료!
2025-11-19 17:30:01,544 - INFO - 2025-11-19 데이터 0건 추출 완료!
2025-11-19 17:48:05,445 - INFO - 2025-11-10 데이터 30건 추출 완료!
2025-11-19 19:27:06,556 - INFO - 2024-11-17 데이터 0건 추출 완료!
2025-11-19 19:27:06,559 - INFO - 데이터 변환 시작!
2025-11-19 19:27:06,561 - ERROR - 데이터 변환 실패: "Column(s) ['qunatity'] do not exist"
2025-11-19 19:27:30,045 - INFO - 2025-11-17 데이터 16건 추출 완료!
2025-11-19 19:27:30,052 - INFO - 데이터 변환 시작!
2025-11-19 19:27:30,055 - ERROR - 데이터 변환 실패: "Column(s) ['qunatity'] do not exist"
2025-11-19 19:31:07,806 - INFO - 2025-11-17 데이터 16건 추출 완료!
2025-11-19 19:31:07,813 - INFO - 데이터 변환 시작!
2025-11-19 19:31:07,814 - ERROR - 데이터 변환 실패: "Column(s) ['qunatity'] do not exist"
2025-11-19 19:34:06,727 - INFO - 2025-11-17 데이터 16건 추출 완료!
2025-11-19 19:34:06,735 - INFO - 데이터 변환 시작!
2025-11-19 19:34:06,736 - ERROR - 데이터 변환 실패: "Column(s) ['qunatity'] do not exist"
2025-11-19 19:34:34,612 - INFO - 2025-11-17 데이터 16건 추출 완료!
2025-11-19 19:34:34,619 - INFO - 데이터 변환 시작!
2025-11-19 19:34:34,623 - INFO - 변환 완료: 4개 카테고리
2025-11-21 17:20:58,908 - INFO - ==================================================
2025-11-21 17:20:58,908 - INFO - ETL 파이프라인 시작
2025-11-21 17:20:58,908 - INFO - ==================================================
2025-11-21 17:20:58,908 - INFO - Step 1: 데이터 추출 시작
2025-11-21 17:20:58,954 - INFO - 2025-11-11 데이터 28건 추출 완료!
2025-11-21 17:20:58,954 - INFO - 추출 완료: 28건
2025-11-21 17:20:58,954 - INFO - Step 2: 데이터 변환 시작
2025-11-21 17:20:58,954 - INFO - 데이터 변환 시작!
2025-11-21 17:20:58,967 - INFO - 변환 완료: 5개 카테고리
2025-11-21 17:20:58,968 - INFO - 변환 완료: 5건
2025-11-21 17:20:58,968 - INFO - Step 3: 데이터 저장 시작
2025-11-21 17:20:58,968 - INFO - DB 저장 시작: 2025-11-11
2025-11-21 17:20:58,981 - ERROR - Error: 'report_date'
2025-11-21 17:20:58,982 - ERROR - 저장 실패: 'report_date'
2025-11-21 17:20:58,982 - ERROR - ==================================================
2025-11-21 17:20:58,982 - ERROR - 파이프라인 실패: 'report_date'
2025-11-21 17:20:58,982 - ERROR - ==================================================
2025-11-21 17:29:35,397 - INFO - ==================================================
2025-11-21 17:29:35,397 - INFO - ETL 파이프라인 시작
2025-11-21 17:29:35,397 - INFO - ==================================================
2025-11-21 17:29:35,397 - INFO - Step 1: 데이터 추출 시작
2025-11-21 17:29:35,422 - INFO - 2025-11-11 데이터 28건 추출 완료!
2025-11-21 17:29:35,422 - INFO - 추출 완료: 28건
2025-11-21 17:29:35,422 - INFO - Step 2: 데이터 변환 시작
2025-11-21 17:29:35,422 - INFO - 데이터 변환 시작!
2025-11-21 17:29:35,427 - INFO - 변환 완료: 5개 카테고리
2025-11-21 17:29:35,427 - INFO - 변환 완료: 5건
2025-11-21 17:29:35,427 - INFO - Step 3: 데이터 저장 시작
2025-11-21 17:29:35,427 - INFO - DB 저장 시작: 2025-11-11
2025-11-21 17:29:35,429 - ERROR - Error: 'top_product'
2025-11-21 17:29:35,429 - ERROR - 저장 실패: 'top_product'
2025-11-21 17:29:35,429 - ERROR - ==================================================
2025-11-21 17:29:35,430 - ERROR - 파이프라인 실패: 'top_product'
2025-11-21 17:29:35,430 - ERROR - ==================================================
2025-11-21 17:35:40,066 - INFO - ==================================================
2025-11-21 17:35:40,066 - INFO - ETL 파이프라인 시작
2025-11-21 17:35:40,067 - INFO - ==================================================
2025-11-21 17:35:40,067 - INFO - Step 1: 데이터 추출 시작
2025-11-21 17:35:40,090 - INFO - 2025-11-11 데이터 28건 추출 완료!
2025-11-21 17:35:40,090 - INFO - 추출 완료: 28건
2025-11-21 17:35:40,090 - INFO - Step 2: 데이터 변환 시작
2025-11-21 17:35:40,090 - INFO - 데이터 변환 시작!
2025-11-21 17:35:40,094 - INFO - 변환 완료: 5개 카테고리
2025-11-21 17:35:40,094 - INFO - 변환 완료: 5건
2025-11-21 17:35:40,094 - INFO - Step 3: 데이터 저장 시작
2025-11-21 17:35:40,094 - INFO - DB 저장 시작: 2025-11-11
2025-11-21 17:35:40,113 - ERROR - Error: (1064, "You have an error in your SQL syntax; check the manual that corresponds to your MariaDB server version for the right syntax to use near '(report_date, category) # 복합키로 기본키(pk) 설정\n        )' at line 8")
2025-11-21 17:35:40,113 - ERROR - 저장 실패: (1064, "You have an error in your SQL syntax; check the manual that corresponds to your MariaDB server version for the right syntax to use near '(report_date, category) # 복합키로 기본키(pk) 설정\n        )' at line 8")
2025-11-21 17:35:40,113 - ERROR - ==================================================
2025-11-21 17:35:40,115 - ERROR - 파이프라인 실패: (1064, "You have an error in your SQL syntax; check the manual that corresponds to your MariaDB server version for the right syntax to use near '(report_date, category) # 복합키로 기본키(pk) 설정\n        )' at line 8")
2025-11-21 17:35:40,115 - ERROR - ==================================================
2025-11-21 17:36:57,517 - INFO - ==================================================
2025-11-21 17:36:57,517 - INFO - ETL 파이프라인 시작
2025-11-21 17:36:57,517 - INFO - ==================================================
2025-11-21 17:36:57,517 - INFO - Step 1: 데이터 추출 시작
2025-11-21 17:36:57,541 - INFO - 2025-11-11 데이터 28건 추출 완료!
2025-11-21 17:36:57,542 - INFO - 추출 완료: 28건
2025-11-21 17:36:57,542 - INFO - Step 2: 데이터 변환 시작
2025-11-21 17:36:57,542 - INFO - 데이터 변환 시작!
2025-11-21 17:36:57,545 - INFO - 변환 완료: 5개 카테고리
2025-11-21 17:36:57,545 - INFO - 변환 완료: 5건
2025-11-21 17:36:57,546 - INFO - Step 3: 데이터 저장 시작
2025-11-21 17:36:57,546 - INFO - DB 저장 시작: 2025-11-11
2025-11-21 17:36:57,548 - ERROR - Error: (1064, "You have an error in your SQL syntax; check the manual that corresponds to your MariaDB server version for the right syntax to use near '(report_date, category) -- 복합키로 기본키(pk) 설정\n        )' at line 8")
2025-11-21 17:36:57,548 - ERROR - 저장 실패: (1064, "You have an error in your SQL syntax; check the manual that corresponds to your MariaDB server version for the right syntax to use near '(report_date, category) -- 복합키로 기본키(pk) 설정\n        )' at line 8")
2025-11-21 17:36:57,548 - ERROR - ==================================================
2025-11-21 17:36:57,548 - ERROR - 파이프라인 실패: (1064, "You have an error in your SQL syntax; check the manual that corresponds to your MariaDB server version for the right syntax to use near '(report_date, category) -- 복합키로 기본키(pk) 설정\n        )' at line 8")
2025-11-21 17:36:57,548 - ERROR - ==================================================
2025-11-21 17:39:00,232 - INFO - ==================================================
2025-11-21 17:39:00,232 - INFO - ETL 파이프라인 시작
2025-11-21 17:39:00,232 - INFO - ==================================================
2025-11-21 17:39:00,232 - INFO - Step 1: 데이터 추출 시작
2025-11-21 17:39:00,256 - INFO - 2025-11-11 데이터 28건 추출 완료!
2025-11-21 17:39:00,256 - INFO - 추출 완료: 28건
2025-11-21 17:39:00,256 - INFO - Step 2: 데이터 변환 시작
2025-11-21 17:39:00,256 - INFO - 데이터 변환 시작!
2025-11-21 17:39:00,262 - INFO - 변환 완료: 5개 카테고리
2025-11-21 17:39:00,262 - INFO - 변환 완료: 5건
2025-11-21 17:39:00,262 - INFO - Step 3: 데이터 저장 시작
2025-11-21 17:39:00,262 - INFO - DB 저장 시작: 2025-11-11
2025-11-21 17:39:00,263 - ERROR - Error: (1064, "You have an error in your SQL syntax; check the manual that corresponds to your MariaDB server version for the right syntax to use near '(report_date, category) -- 복합키로 기본키(pk) 설정\n        )' at line 8")
2025-11-21 17:39:00,263 - ERROR - 저장 실패: (1064, "You have an error in your SQL syntax; check the manual that corresponds to your MariaDB server version for the right syntax to use near '(report_date, category) -- 복합키로 기본키(pk) 설정\n        )' at line 8")
2025-11-21 17:39:00,263 - ERROR - ==================================================
2025-11-21 17:39:00,263 - ERROR - 파이프라인 실패: (1064, "You have an error in your SQL syntax; check the manual that corresponds to your MariaDB server version for the right syntax to use near '(report_date, category) -- 복합키로 기본키(pk) 설정\n        )' at line 8")
2025-11-21 17:39:00,263 - ERROR - ==================================================
2025-11-21 17:40:22,987 - INFO - ==================================================
2025-11-21 17:40:22,987 - INFO - ETL 파이프라인 시작
2025-11-21 17:40:22,987 - INFO - ==================================================
2025-11-21 17:40:22,987 - INFO - Step 1: 데이터 추출 시작
2025-11-21 17:40:23,010 - INFO - 2025-11-11 데이터 28건 추출 완료!
2025-11-21 17:40:23,010 - INFO - 추출 완료: 28건
2025-11-21 17:40:23,010 - INFO - Step 2: 데이터 변환 시작
2025-11-21 17:40:23,011 - INFO - 데이터 변환 시작!
2025-11-21 17:40:23,014 - INFO - 변환 완료: 5개 카테고리
2025-11-21 17:40:23,014 - INFO - 변환 완료: 5건
2025-11-21 17:40:23,014 - INFO - Step 3: 데이터 저장 시작
2025-11-21 17:40:23,014 - INFO - DB 저장 시작: 2025-11-11
2025-11-21 17:40:23,015 - ERROR - Error: (1064, "You have an error in your SQL syntax; check the manual that corresponds to your MariaDB server version for the right syntax to use near '(report_date, category) \n        )' at line 8")
2025-11-21 17:40:23,015 - ERROR - 저장 실패: (1064, "You have an error in your SQL syntax; check the manual that corresponds to your MariaDB server version for the right syntax to use near '(report_date, category) \n        )' at line 8")
2025-11-21 17:40:23,015 - ERROR - ==================================================
2025-11-21 17:40:23,017 - ERROR - 파이프라인 실패: (1064, "You have an error in your SQL syntax; check the manual that corresponds to your MariaDB server version for the right syntax to use near '(report_date, category) \n        )' at line 8")
2025-11-21 17:40:23,017 - ERROR - ==================================================
2025-11-21 17:42:42,234 - INFO - ==================================================
2025-11-21 17:42:42,234 - INFO - ETL 파이프라인 시작
2025-11-21 17:42:42,234 - INFO - ==================================================
2025-11-21 17:42:42,234 - INFO - Step 1: 데이터 추출 시작
2025-11-21 17:42:42,258 - INFO - 2025-11-11 데이터 28건 추출 완료!
2025-11-21 17:42:42,258 - INFO - 추출 완료: 28건
2025-11-21 17:42:42,258 - INFO - Step 2: 데이터 변환 시작
2025-11-21 17:42:42,258 - INFO - 데이터 변환 시작!
2025-11-21 17:42:42,264 - INFO - 변환 완료: 5개 카테고리
2025-11-21 17:42:42,264 - INFO - 변환 완료: 5건
2025-11-21 17:42:42,264 - INFO - Step 3: 데이터 저장 시작
2025-11-21 17:42:42,264 - INFO - DB 저장 시작: 2025-11-11
2025-11-21 17:42:42,276 - INFO - DB 저장 완료: 5건
2025-11-21 17:42:42,276 - INFO - CSV 저장 시작: 2025-11-11
2025-11-21 17:42:42,281 - INFO - CSV 저장 완료: ./reports/report_2025-11-11.csv
2025-11-21 17:42:42,281 - INFO - 리포트 저장 완료!
2025-11-21 17:42:42,281 - INFO - ==================================================
2025-11-21 17:42:42,281 - INFO - ETL 파이프라인 완료!
2025-11-21 17:42:42,281 - INFO - ==================================================
